Using pre-set license
Built from '2020.3/staging' branch; Version is '2020.3.0f1 (c7b5465681fb) revision 13088070'; Using compiler version '192528614'; Build Type 'Release'
OS: 'Windows 10 Home; OS build 22621.1413; Version 2009; 64bit' Language: 'en' Physical Memory: 16270 MB
BatchMode: 1, IsHumanControllingUs: 0, StartBugReporterOnCrash: 0, Is64bit: 1, IsPro: 0

 COMMAND LINE ARGUMENTS:
C:\Program Files\Unity\Hub\Editor\2020.3.0f1\Editor\Unity.exe
-adb2
-batchMode
-noUpm
-name
AssetImportWorker0
-projectPath
C:/Users/Ben/Unity/LootClicker
-logFile
Logs/AssetImportWorker0.log
-srvPort
51596
Successfully changed project path to: C:/Users/Ben/Unity/LootClicker
C:/Users/Ben/Unity/LootClicker
Using Asset Import Pipeline V2.
Refreshing native plugins compatible for Editor in 48.48 ms, found 0 plugins.
Preloading 0 native plugins for Editor in 0.00 ms.
Initialize engine version: 2020.3.0f1 (c7b5465681fb)
[Subsystems] Discovering subsystems at path C:/Program Files/Unity/Hub/Editor/2020.3.0f1/Editor/Data/Resources/UnitySubsystems
[Subsystems] Discovering subsystems at path C:/Users/Ben/Unity/LootClicker/Assets
GfxDevice: creating device client; threaded=0
Direct3D:
    Version:  Direct3D 11.0 [level 11.1]
    Renderer: NVIDIA GeForce RTX 3080 Ti (ID=0x2208)
    Vendor:   
    VRAM:     12108 MB
    Driver:   30.0.14.7212
Initialize mono
Mono path[0] = 'C:/Program Files/Unity/Hub/Editor/2020.3.0f1/Editor/Data/Managed'
Mono path[1] = 'C:/Program Files/Unity/Hub/Editor/2020.3.0f1/Editor/Data/MonoBleedingEdge/lib/mono/unityjit'
Mono config path = 'C:/Program Files/Unity/Hub/Editor/2020.3.0f1/Editor/Data/MonoBleedingEdge/etc'
Using monoOptions --debugger-agent=transport=dt_socket,embedding=1,server=y,suspend=n,address=127.0.0.1:56572
Begin MonoManager ReloadAssembly
Registering precompiled unity dll's ...
Register platform support module: C:/Program Files/Unity/Hub/Editor/2020.3.0f1/Editor/Data/PlaybackEngines/WebGLSupport/UnityEditor.WebGL.Extensions.dll
Register platform support module: C:/Program Files/Unity/Hub/Editor/2020.3.0f1/Editor/Data/PlaybackEngines/WindowsStandaloneSupport/UnityEditor.WindowsStandalone.Extensions.dll
Registered in 0.001510 seconds.
Native extension for WindowsStandalone target not found
Native extension for WebGL target not found
Refreshing native plugins compatible for Editor in 27.10 ms, found 0 plugins.
Preloading 0 native plugins for Editor in 0.00 ms.
Invoked RoslynAnalysisRunner static constructor.
RoslynAnalysisRunner will not be running.
RoslynAnalysisRunner has terminated.
Mono: successfully reloaded assembly
- Completed reload, in  0.873 seconds
Platform modules already initialized, skipping
Registering precompiled user dll's ...
Registered in 0.007737 seconds.
Begin MonoManager ReloadAssembly
Native extension for WindowsStandalone target not found
Native extension for WebGL target not found
Refreshing native plugins compatible for Editor in 0.64 ms, found 0 plugins.
Preloading 0 native plugins for Editor in 0.00 ms.
UnityIAP: [InitializeOnLoad] Facebook Check
UnityIAP: Runtime [2020.3.0f1]
UnityIAP: Current Build is Standalone:StandaloneWindows64
UnityIAP: stub FacebookStore.dll enabled
Invoked RoslynAnalysisRunner static constructor.
RoslynAnalysisRunner will not be running.
RoslynAnalysisRunner has terminated.
Mono: successfully reloaded assembly
- Completed reload, in  0.596 seconds
Platform modules already initialized, skipping
========================================================================
Worker process is ready to serve import requests
Launched and connected shader compiler UnityShaderCompiler.exe after 0.03 seconds
Refreshing native plugins compatible for Editor in 0.73 ms, found 0 plugins.
Preloading 0 native plugins for Editor in 0.00 ms.
Unloading 1487 Unused Serialized files (Serialized files now loaded: 0)
System memory in use before: 68.5 MB.
System memory in use after: 68.6 MB.

Unloading 65 unused Assets to reduce memory usage. Loaded Objects now: 1895.
Total: 1.914100 ms (FindLiveObjects: 0.180100 ms CreateObjectMapping: 0.049600 ms MarkObjects: 1.611100 ms  DeleteObjects: 0.072600 ms)

========================================================================
Received Import Request.
  path: Assets/Scenes/Battle.unity
  artifactKey: Guid(532fac00167a4f344bfa3c66359ab8e0) Importer(815301076,1909f56bfc062723c751e8b465ee728b)
Start importing Assets/Scenes/Battle.unity using Guid(532fac00167a4f344bfa3c66359ab8e0) Importer(815301076,1909f56bfc062723c751e8b465ee728b)  -> (artifact id: 'd1a5ff837f53cf6cdcdc46e4733ef3e9') in 0.012998 seconds
  Import took 0.015075 seconds .

========================================================================
Received Import Request.
  Time since last request: 31.070709 seconds.
  path: Assets/Prefabs/AttackAnimation.prefab
  artifactKey: Guid(4f49ab01c64987d4fad462b563b02c95) Importer(815301076,1909f56bfc062723c751e8b465ee728b)
Start importing Assets/Prefabs/AttackAnimation.prefab using Guid(4f49ab01c64987d4fad462b563b02c95) Importer(815301076,1909f56bfc062723c751e8b465ee728b)  -> (artifact id: 'bee1f94e6ebf55512a9c6a7e9a087045') in 0.033832 seconds
  Import took 0.036201 seconds .

========================================================================
Received Import Request.
  Time since last request: 0.000153 seconds.
  path: Assets/Prefabs/CharacterPanel.prefab
  artifactKey: Guid(7d34a6fe19536f049a709f17d307d223) Importer(815301076,1909f56bfc062723c751e8b465ee728b)
Start importing Assets/Prefabs/CharacterPanel.prefab using Guid(7d34a6fe19536f049a709f17d307d223) Importer(815301076,1909f56bfc062723c751e8b465ee728b)  -> (artifact id: '9ad3039cc07861701ac5de99322231a1') in 0.017484 seconds
  Import took 0.020162 seconds .

========================================================================
Received Import Request.
  Time since last request: 0.000141 seconds.
  path: Assets/Prefabs/FloatTextObject.prefab
  artifactKey: Guid(ee3886833bec9bb4497c25bb703f7f2e) Importer(815301076,1909f56bfc062723c751e8b465ee728b)
Start importing Assets/Prefabs/FloatTextObject.prefab using Guid(ee3886833bec9bb4497c25bb703f7f2e) Importer(815301076,1909f56bfc062723c751e8b465ee728b)  -> (artifact id: '94908785b259c7834950afcb79e3ee6b') in 0.007632 seconds
  Import took 0.009702 seconds .

========================================================================
Received Import Request.
  Time since last request: 0.000173 seconds.
  path: Assets/Prefabs/SoundManager.prefab
  artifactKey: Guid(ba3e8c7ff9f134147adcc5aea739cc49) Importer(815301076,1909f56bfc062723c751e8b465ee728b)
Start importing Assets/Prefabs/SoundManager.prefab using Guid(ba3e8c7ff9f134147adcc5aea739cc49) Importer(815301076,1909f56bfc062723c751e8b465ee728b)  -> (artifact id: '3b358df37c16d33263a8cc5e1eeb93d5') in 0.006575 seconds
  Import took 0.008351 seconds .

========================================================================
Received Import Request.
  Time since last request: 0.000151 seconds.
  path: Assets/Prefabs/ItemObject.prefab
  artifactKey: Guid(e8c3db5879dce2a458106976df862918) Importer(815301076,1909f56bfc062723c751e8b465ee728b)
Start importing Assets/Prefabs/ItemObject.prefab using Guid(e8c3db5879dce2a458106976df862918) Importer(815301076,1909f56bfc062723c751e8b465ee728b)  -> (artifact id: 'f9457d53d05785119aeb2dfb3ad80c5c') in 0.009478 seconds
  Import took 0.011612 seconds .

========================================================================
Received Import Request.
  Time since last request: 0.000131 seconds.
  path: Assets/Prefabs/GameManager.prefab
  artifactKey: Guid(278e540b7693b9d4a8d4ac682a4074e8) Importer(815301076,1909f56bfc062723c751e8b465ee728b)
Start importing Assets/Prefabs/GameManager.prefab using Guid(278e540b7693b9d4a8d4ac682a4074e8) Importer(815301076,1909f56bfc062723c751e8b465ee728b)  -> (artifact id: 'fe6f2f53493efa822a8a06a0f1d8b693') in 0.014677 seconds
  Import took 0.016653 seconds .

========================================================================
Received Import Request.
  Time since last request: 0.000169 seconds.
  path: Assets/Prefabs/ItemsPanel.prefab
  artifactKey: Guid(f4e577063c135554c950a206003d1c10) Importer(815301076,1909f56bfc062723c751e8b465ee728b)
Start importing Assets/Prefabs/ItemsPanel.prefab using Guid(f4e577063c135554c950a206003d1c10) Importer(815301076,1909f56bfc062723c751e8b465ee728b)  -> (artifact id: 'cbbddc5f6a4adeb702494567ce30bded') in 0.009504 seconds
  Import took 0.011908 seconds .

========================================================================
Received Import Request.
  Time since last request: 0.000146 seconds.
  path: Assets/Prefabs/TooltipPanel.prefab
  artifactKey: Guid(6bd6968059bc51743875ed92b3c79761) Importer(815301076,1909f56bfc062723c751e8b465ee728b)
Start importing Assets/Prefabs/TooltipPanel.prefab using Guid(6bd6968059bc51743875ed92b3c79761) Importer(815301076,1909f56bfc062723c751e8b465ee728b)  -> (artifact id: 'ebf67d1dcb5f59899d33a07b09afb8b9') in 0.006043 seconds
  Import took 0.008017 seconds .

========================================================================
Received Prepare
Registering precompiled user dll's ...
Registered in 0.003449 seconds.
Begin MonoManager ReloadAssembly
Native extension for WindowsStandalone target not found
Native extension for WebGL target not found
Refreshing native plugins compatible for Editor in 0.51 ms, found 0 plugins.
Preloading 0 native plugins for Editor in 0.00 ms.
Invoked RoslynAnalysisRunner static constructor.
RoslynAnalysisRunner will not be running.
RoslynAnalysisRunner has terminated.
Mono: successfully reloaded assembly
- Completed reload, in  0.529 seconds
Platform modules already initialized, skipping
Refreshing native plugins compatible for Editor in 0.46 ms, found 0 plugins.
Preloading 0 native plugins for Editor in 0.00 ms.
Unloading 1446 Unused Serialized files (Serialized files now loaded: 0)
System memory in use before: 67.7 MB.
System memory in use after: 67.8 MB.

Unloading 51 unused Assets to reduce memory usage. Loaded Objects now: 1884.
Total: 1.595300 ms (FindLiveObjects: 0.155200 ms CreateObjectMapping: 0.039100 ms MarkObjects: 1.373400 ms  DeleteObjects: 0.027000 ms)

========================================================================
Received Prepare
Registering precompiled user dll's ...
Registered in 0.002259 seconds.
Begin MonoManager ReloadAssembly
Native extension for WindowsStandalone target not found
Native extension for WebGL target not found
Refreshing native plugins compatible for Editor in 0.48 ms, found 0 plugins.
Preloading 0 native plugins for Editor in 0.00 ms.
Invoked RoslynAnalysisRunner static constructor.
RoslynAnalysisRunner will not be running.
RoslynAnalysisRunner has terminated.
Mono: successfully reloaded assembly
- Completed reload, in  0.518 seconds
Platform modules already initialized, skipping
Refreshing native plugins compatible for Editor in 0.41 ms, found 0 plugins.
Preloading 0 native plugins for Editor in 0.00 ms.
Unloading 1438 Unused Serialized files (Serialized files now loaded: 0)
System memory in use before: 67.5 MB.
System memory in use after: 67.6 MB.

Unloading 32 unused Assets to reduce memory usage. Loaded Objects now: 1885.
Total: 1.641000 ms (FindLiveObjects: 0.179900 ms CreateObjectMapping: 0.046300 ms MarkObjects: 1.396900 ms  DeleteObjects: 0.017000 ms)

========================================================================
Received Prepare
Registering precompiled user dll's ...
Registered in 0.001421 seconds.
Begin MonoManager ReloadAssembly
Native extension for WindowsStandalone target not found
Native extension for WebGL target not found
Refreshing native plugins compatible for Editor in 0.45 ms, found 0 plugins.
Preloading 0 native plugins for Editor in 0.00 ms.
Invoked RoslynAnalysisRunner static constructor.
RoslynAnalysisRunner will not be running.
RoslynAnalysisRunner has terminated.
Mono: successfully reloaded assembly
- Completed reload, in  0.520 seconds
Platform modules already initialized, skipping
Refreshing native plugins compatible for Editor in 0.41 ms, found 0 plugins.
Preloading 0 native plugins for Editor in 0.00 ms.
Unloading 1431 Unused Serialized files (Serialized files now loaded: 0)
System memory in use before: 67.3 MB.
System memory in use after: 67.4 MB.

Unloading 27 unused Assets to reduce memory usage. Loaded Objects now: 1885.
Total: 1.622700 ms (FindLiveObjects: 0.147900 ms CreateObjectMapping: 0.041900 ms MarkObjects: 1.415600 ms  DeleteObjects: 0.016400 ms)

========================================================================
Received Import Request.
  Time since last request: 93.266259 seconds.
  path: Assets/Scenes/MainMenu.unity
  artifactKey: Guid(4ed33658dbf0cbf4ba60c9cd5f54cc6a) Importer(815301076,1909f56bfc062723c751e8b465ee728b)
Start importing Assets/Scenes/MainMenu.unity using Guid(4ed33658dbf0cbf4ba60c9cd5f54cc6a) Importer(815301076,1909f56bfc062723c751e8b465ee728b)  -> (artifact id: 'b241bd05a043a1e195cc06d743fb23ed') in 0.012389 seconds
  Import took 0.014845 seconds .

========================================================================
Received Prepare
Registering precompiled user dll's ...
Registered in 0.001380 seconds.
Begin MonoManager ReloadAssembly
Native extension for WindowsStandalone target not found
Native extension for WebGL target not found
Refreshing native plugins compatible for Editor in 0.45 ms, found 0 plugins.
Preloading 0 native plugins for Editor in 0.00 ms.
Invoked RoslynAnalysisRunner static constructor.
RoslynAnalysisRunner will not be running.
RoslynAnalysisRunner has terminated.
Mono: successfully reloaded assembly
- Completed reload, in  0.497 seconds
Platform modules already initialized, skipping
Refreshing native plugins compatible for Editor in 0.39 ms, found 0 plugins.
Preloading 0 native plugins for Editor in 0.00 ms.
Unloading 1431 Unused Serialized files (Serialized files now loaded: 0)
System memory in use before: 67.3 MB.
System memory in use after: 67.4 MB.

Unloading 24 unused Assets to reduce memory usage. Loaded Objects now: 1888.
Total: 1.517500 ms (FindLiveObjects: 0.153000 ms CreateObjectMapping: 0.037800 ms MarkObjects: 1.311200 ms  DeleteObjects: 0.014700 ms)

========================================================================
Received Prepare
Registering precompiled user dll's ...
Registered in 0.001356 seconds.
Begin MonoManager ReloadAssembly
Native extension for WindowsStandalone target not found
Native extension for WebGL target not found
Refreshing native plugins compatible for Editor in 0.45 ms, found 0 plugins.
Preloading 0 native plugins for Editor in 0.00 ms.
Invoked RoslynAnalysisRunner static constructor.
RoslynAnalysisRunner will not be running.
RoslynAnalysisRunner has terminated.
Mono: successfully reloaded assembly
- Completed reload, in  0.516 seconds
Platform modules already initialized, skipping
Refreshing native plugins compatible for Editor in 0.37 ms, found 0 plugins.
Preloading 0 native plugins for Editor in 0.00 ms.
Unloading 1431 Unused Serialized files (Serialized files now loaded: 0)
System memory in use before: 67.3 MB.
System memory in use after: 67.4 MB.

Unloading 24 unused Assets to reduce memory usage. Loaded Objects now: 1891.
Total: 1.733700 ms (FindLiveObjects: 0.237900 ms CreateObjectMapping: 0.081000 ms MarkObjects: 1.399600 ms  DeleteObjects: 0.014300 ms)

AssetImportWorkerClient::OnTransportError - code=2 error=End of file
